This file contains any messages produced by compilers while
running configure, to aid debugging if configure makes a mistake.

It was created by libpqxx configure 6.4.7, which was
generated by GNU Autoconf 2.69.  Invocation command line was

  $ ./configure --build=arm --host=arm

## --------- ##
## Platform. ##
## --------- ##

hostname = tv2i-desktop
uname -m = aarch64
uname -r = 4.9.140-tegra
uname -s = Linux
uname -v = #1 SMP PREEMPT Thu Jun 25 21:22:12 PDT 2020

/usr/bin/uname -p = unknown
/bin/uname -X     = unknown

/bin/arch              = unknown
/usr/bin/arch -k       = unknown
/usr/convex/getsysinfo = unknown
/usr/bin/hostinfo      = unknown
/bin/machine           = unknown
/usr/bin/oslevel       = unknown
/bin/universe          = unknown

PATH: /usr/local/cuda-10.2/bin
PATH: /home/tv2i/.local/bin
PATH: /usr/local/sbin
PATH: /usr/local/bin
PATH: /usr/sbin
PATH: /usr/bin
PATH: /sbin
PATH: /bin
PATH: /usr/games
PATH: /usr/local/games
PATH: /snap/bin


## ----------- ##
## Core tests. ##
## ----------- ##

configure:2426: checking for arm-g++
configure:2456: result: no
configure:2426: checking for arm-c++
configure:2456: result: no
configure:2426: checking for arm-gpp
configure:2456: result: no
configure:2426: checking for arm-aCC
configure:2456: result: no
configure:2426: checking for arm-CC
configure:2456: result: no
configure:2426: checking for arm-cxx
configure:2456: result: no
configure:2426: checking for arm-cc++
configure:2456: result: no
configure:2426: checking for arm-cl.exe
configure:2456: result: no
configure:2426: checking for arm-FCC
configure:2456: result: no
configure:2426: checking for arm-KCC
configure:2456: result: no
configure:2426: checking for arm-RCC
configure:2456: result: no
configure:2426: checking for arm-xlC_r
configure:2456: result: no
configure:2426: checking for arm-xlC
configure:2456: result: no
configure:2470: checking for g++
configure:2486: found /usr/bin/g++
configure:2497: result: g++
configure:2524: checking for C++ compiler version
configure:2533: g++ --version >&5
g++ (Ubuntu/Linaro 7.5.0-3ubuntu1~18.04) 7.5.0
Copyright (C) 2017 Free Software Foundation, Inc.
This is free software; see the source for copying conditions.  There is NO
warranty; not even for MERCHANTABILITY or FITNESS FOR A PARTICULAR PURPOSE.

configure:2544: $? = 0
configure:2533: g++ -v >&5
Using built-in specs.
COLLECT_GCC=g++
COLLECT_LTO_WRAPPER=/usr/lib/gcc/aarch64-linux-gnu/7/lto-wrapper
Target: aarch64-linux-gnu
Configured with: ../src/configure -v --with-pkgversion='Ubuntu/Linaro 7.5.0-3ubuntu1~18.04' --with-bugurl=file:///usr/share/doc/gcc-7/README.Bugs --enable-languages=c,ada,c++,go,d,fortran,objc,obj-c++ --prefix=/usr --with-gcc-major-version-only --program-suffix=-7 --program-prefix=aarch64-linux-gnu- --enable-shared --enable-linker-build-id --libexecdir=/usr/lib --without-included-gettext --enable-threads=posix --libdir=/usr/lib --enable-nls --enable-bootstrap --enable-clocale=gnu --enable-libstdcxx-debug --enable-libstdcxx-time=yes --with-default-libstdcxx-abi=new --enable-gnu-unique-object --disable-libquadmath --disable-libquadmath-support --enable-plugin --enable-default-pie --with-system-zlib --enable-multiarch --enable-fix-cortex-a53-843419 --disable-werror --enable-checking=release --build=aarch64-linux-gnu --host=aarch64-linux-gnu --target=aarch64-linux-gnu
Thread model: posix
gcc version 7.5.0 (Ubuntu/Linaro 7.5.0-3ubuntu1~18.04) 
configure:2544: $? = 0
configure:2533: g++ -V >&5
g++: error: unrecognized command line option '-V'
g++: fatal error: no input files
compilation terminated.
configure:2544: $? = 1
configure:2533: g++ -qversion >&5
g++: error: unrecognized command line option '-qversion'; did you mean '--version'?
g++: fatal error: no input files
compilation terminated.
configure:2544: $? = 1
configure:2564: checking whether the C++ compiler works
configure:2586: g++    conftest.cpp  >&5
configure:2590: $? = 0
configure:2638: result: yes
configure:2641: checking for C++ compiler default output file name
configure:2643: result: a.out
configure:2649: checking for suffix of executables
configure:2656: g++ -o conftest    conftest.cpp  >&5
configure:2660: $? = 0
configure:2682: result: 
configure:2704: checking whether we are cross compiling
configure:2712: g++ -o conftest    conftest.cpp  >&5
configure:2716: $? = 0
configure:2723: ./conftest
configure:2727: $? = 0
configure:2742: result: no
configure:2747: checking for suffix of object files
configure:2769: g++ -c   conftest.cpp >&5
configure:2773: $? = 0
configure:2794: result: o
configure:2798: checking whether we are using the GNU C++ compiler
configure:2817: g++ -c   conftest.cpp >&5
configure:2817: $? = 0
configure:2826: result: yes
configure:2835: checking whether g++ accepts -g
configure:2855: g++ -c -g  conftest.cpp >&5
configure:2855: $? = 0
configure:2896: result: yes
configure:2934: checking whether g++ supports C++11 features with -std=c++11
configure:3230: g++ -std=c++11 -c -g -O2  conftest.cpp >&5
configure:3230: $? = 0
configure:3239: result: yes
configure:3325: checking for a BSD-compatible install
configure:3393: result: /usr/bin/install -c
configure:3404: checking whether build environment is sane
configure:3459: result: yes
configure:3610: checking for a thread-safe mkdir -p
configure:3649: result: /bin/mkdir -p
configure:3656: checking for gawk
configure:3686: result: no
configure:3656: checking for mawk
configure:3672: found /usr/bin/mawk
configure:3683: result: mawk
configure:3694: checking whether make sets $(MAKE)
configure:3716: result: yes
configure:3738: checking whether make supports the include directive
configure:3753: make -f confmf.GNU && cat confinc.out
this is the am__doit target
configure:3756: $? = 0
configure:3775: result: yes (GNU style)
configure:3808: checking whether make supports nested variables
configure:3825: result: yes
configure:3910: checking dependency style of g++ -std=c++11
configure:4021: result: gcc3
configure:4203: checking for C++ compiler version
configure:4212: g++ -std=c++11 --version >&5
g++ (Ubuntu/Linaro 7.5.0-3ubuntu1~18.04) 7.5.0
Copyright (C) 2017 Free Software Foundation, Inc.
This is free software; see the source for copying conditions.  There is NO
warranty; not even for MERCHANTABILITY or FITNESS FOR A PARTICULAR PURPOSE.

configure:4223: $? = 0
configure:4212: g++ -std=c++11 -v >&5
Using built-in specs.
COLLECT_GCC=g++
COLLECT_LTO_WRAPPER=/usr/lib/gcc/aarch64-linux-gnu/7/lto-wrapper
Target: aarch64-linux-gnu
Configured with: ../src/configure -v --with-pkgversion='Ubuntu/Linaro 7.5.0-3ubuntu1~18.04' --with-bugurl=file:///usr/share/doc/gcc-7/README.Bugs --enable-languages=c,ada,c++,go,d,fortran,objc,obj-c++ --prefix=/usr --with-gcc-major-version-only --program-suffix=-7 --program-prefix=aarch64-linux-gnu- --enable-shared --enable-linker-build-id --libexecdir=/usr/lib --without-included-gettext --enable-threads=posix --libdir=/usr/lib --enable-nls --enable-bootstrap --enable-clocale=gnu --enable-libstdcxx-debug --enable-libstdcxx-time=yes --with-default-libstdcxx-abi=new --enable-gnu-unique-object --disable-libquadmath --disable-libquadmath-support --enable-plugin --enable-default-pie --with-system-zlib --enable-multiarch --enable-fix-cortex-a53-843419 --disable-werror --enable-checking=release --build=aarch64-linux-gnu --host=aarch64-linux-gnu --target=aarch64-linux-gnu
Thread model: posix
gcc version 7.5.0 (Ubuntu/Linaro 7.5.0-3ubuntu1~18.04) 
configure:4223: $? = 0
configure:4212: g++ -std=c++11 -V >&5
g++: error: unrecognized command line option '-V'
g++: fatal error: no input files
compilation terminated.
configure:4223: $? = 1
configure:4212: g++ -std=c++11 -qversion >&5
g++: error: unrecognized command line option '-qversion'; did you mean '--version'?
g++: fatal error: no input files
compilation terminated.
configure:4223: $? = 1
configure:4227: checking whether we are using the GNU C++ compiler
configure:4255: result: yes
configure:4264: checking whether g++ -std=c++11 accepts -g
configure:4325: result: yes
configure:4409: checking build system type
configure:4423: result: arm-unknown-none
configure:4443: checking host system type
configure:4456: result: arm-unknown-none
configure:4497: checking how to print strings
configure:4524: result: printf
configure:4553: checking for arm-gcc
configure:4583: result: no
configure:4593: checking for gcc
configure:4609: found /usr/bin/gcc
configure:4620: result: gcc
configure:4849: checking for C compiler version
configure:4858: gcc --version >&5
gcc (Ubuntu/Linaro 7.5.0-3ubuntu1~18.04) 7.5.0
Copyright (C) 2017 Free Software Foundation, Inc.
This is free software; see the source for copying conditions.  There is NO
warranty; not even for MERCHANTABILITY or FITNESS FOR A PARTICULAR PURPOSE.

configure:4869: $? = 0
configure:4858: gcc -v >&5
Using built-in specs.
COLLECT_GCC=gcc
COLLECT_LTO_WRAPPER=/usr/lib/gcc/aarch64-linux-gnu/7/lto-wrapper
Target: aarch64-linux-gnu
Configured with: ../src/configure -v --with-pkgversion='Ubuntu/Linaro 7.5.0-3ubuntu1~18.04' --with-bugurl=file:///usr/share/doc/gcc-7/README.Bugs --enable-languages=c,ada,c++,go,d,fortran,objc,obj-c++ --prefix=/usr --with-gcc-major-version-only --program-suffix=-7 --program-prefix=aarch64-linux-gnu- --enable-shared --enable-linker-build-id --libexecdir=/usr/lib --without-included-gettext --enable-threads=posix --libdir=/usr/lib --enable-nls --enable-bootstrap --enable-clocale=gnu --enable-libstdcxx-debug --enable-libstdcxx-time=yes --with-default-libstdcxx-abi=new --enable-gnu-unique-object --disable-libquadmath --disable-libquadmath-support --enable-plugin --enable-default-pie --with-system-zlib --enable-multiarch --enable-fix-cortex-a53-843419 --disable-werror --enable-checking=release --build=aarch64-linux-gnu --host=aarch64-linux-gnu --target=aarch64-linux-gnu
Thread model: posix
gcc version 7.5.0 (Ubuntu/Linaro 7.5.0-3ubuntu1~18.04) 
configure:4869: $? = 0
configure:4858: gcc -V >&5
gcc: error: unrecognized command line option '-V'
gcc: fatal error: no input files
compilation terminated.
configure:4869: $? = 1
configure:4858: gcc -qversion >&5
gcc: error: unrecognized command line option '-qversion'; did you mean '--version'?
gcc: fatal error: no input files
compilation terminated.
configure:4869: $? = 1
configure:4873: checking whether we are using the GNU C compiler
configure:4892: gcc -c   conftest.c >&5
configure:4892: $? = 0
configure:4901: result: yes
configure:4910: checking whether gcc accepts -g
configure:4930: gcc -c -g  conftest.c >&5
configure:4930: $? = 0
configure:4971: result: yes
configure:4988: checking for gcc option to accept ISO C89
configure:5051: gcc  -c -g -O2  conftest.c >&5
configure:5051: $? = 0
configure:5064: result: none needed
configure:5089: checking whether gcc understands -c and -o together
configure:5111: gcc -c conftest.c -o conftest2.o
configure:5114: $? = 0
configure:5111: gcc -c conftest.c -o conftest2.o
configure:5114: $? = 0
configure:5126: result: yes
configure:5145: checking dependency style of gcc
configure:5256: result: gcc3
configure:5271: checking for a sed that does not truncate output
configure:5335: result: /bin/sed
configure:5353: checking for grep that handles long lines and -e
configure:5411: result: /bin/grep
configure:5416: checking for egrep
configure:5478: result: /bin/grep -E
configure:5483: checking for fgrep
configure:5545: result: /bin/grep -F
configure:5580: checking for ld used by gcc
configure:5647: result: /usr/bin/ld
configure:5654: checking if the linker (/usr/bin/ld) is GNU ld
configure:5669: result: yes
configure:5681: checking for BSD- or MS-compatible name lister (nm)
configure:5735: result: /usr/bin/nm -B
configure:5865: checking the name lister (/usr/bin/nm -B) interface
configure:5872: g++ -std=c++11 -c -g -O2  conftest.cpp >&5
configure:5875: /usr/bin/nm -B "conftest.o"
configure:5878: output
0000000000000000 B some_variable
configure:5885: result: BSD nm
configure:5888: checking whether ln -s works
configure:5892: result: yes
configure:5900: checking the maximum length of command line arguments
configure:6031: result: 1572864
configure:6079: checking how to convert arm-unknown-none file names to arm-unknown-none format
configure:6119: result: func_convert_file_noop
configure:6126: checking how to convert arm-unknown-none file names to toolchain format
configure:6146: result: func_convert_file_noop
configure:6153: checking for /usr/bin/ld option to reload object files
configure:6160: result: -r
configure:6194: checking for arm-objdump
configure:6224: result: no
configure:6234: checking for objdump
configure:6250: found /usr/bin/objdump
configure:6261: result: objdump
configure:6293: checking how to recognize dependent libraries
configure:6493: result: unknown
configure:6538: checking for arm-dlltool
configure:6568: result: no
configure:6578: checking for dlltool
configure:6608: result: no
configure:6638: checking how to associate runtime and link libraries
configure:6665: result: printf %s\n
configure:6681: checking for arm-ar
configure:6711: result: no
configure:6725: checking for ar
configure:6741: found /usr/bin/ar
configure:6752: result: ar
configure:6789: checking for archiver @FILE support
configure:6806: g++ -std=c++11 -c -g -O2  conftest.cpp >&5
configure:6806: $? = 0
configure:6809: ar cr libconftest.a @conftest.lst >&5
configure:6812: $? = 0
configure:6817: ar cr libconftest.a @conftest.lst >&5
ar: conftest.o: No such file or directory
configure:6820: $? = 1
configure:6832: result: @
configure:6850: checking for arm-strip
configure:6880: result: no
configure:6890: checking for strip
configure:6906: found /usr/bin/strip
configure:6917: result: strip
configure:6949: checking for arm-ranlib
configure:6979: result: no
configure:6989: checking for ranlib
configure:7005: found /usr/bin/ranlib
configure:7016: result: ranlib
configure:7118: checking command to parse /usr/bin/nm -B output from gcc object
configure:7271: g++ -std=c++11 -c -g -O2  conftest.cpp >&5
configure:7274: $? = 0
configure:7278: /usr/bin/nm -B conftest.o | sed -n -e 's/^.*[	 ]\([ABCDGIRSTW][ABCDGIRSTW]*\)[	 ][	 ]*\([_A-Za-z][_A-Za-z0-9]*\)$/\1 \2 \2/p' | sed '/ __gnu_lto/d' > conftest.nm
configure:7344: g++ -std=c++11 -o conftest -g -O2   conftest.cpp conftstm.o >&5
configure:7347: $? = 0
configure:7385: result: ok
configure:7432: checking for sysroot
configure:7462: result: no
configure:7469: checking for a working dd
configure:7507: result: /bin/dd
configure:7511: checking how to truncate binary pipes
configure:7526: result: /bin/dd bs=4096 count=1
configure:7816: checking for arm-mt
configure:7846: result: no
configure:7856: checking for mt
configure:7872: found /bin/mt
configure:7883: result: mt
configure:7906: checking if mt is a manifest tool
configure:7912: mt '-?'
configure:7920: result: no
configure:8597: checking how to run the C preprocessor
configure:8628: gcc -E  conftest.c
configure:8628: $? = 0
configure:8642: gcc -E  conftest.c
conftest.c:12:10: fatal error: ac_nonexistent.h: No such file or directory
 #include <ac_nonexistent.h>
          ^~~~~~~~~~~~~~~~~~
compilation terminated.
configure:8642: $? = 1
configure: failed program was:
| /* confdefs.h */
| #define PACKAGE_NAME "libpqxx"
| #define PACKAGE_TARNAME "libpqxx"
| #define PACKAGE_VERSION "6.4.7"
| #define PACKAGE_STRING "libpqxx 6.4.7"
| #define PACKAGE_BUGREPORT "Jeroen T. Vermeulen"
| #define PACKAGE_URL ""
| #define HAVE_CXX11 1
| #define PACKAGE "libpqxx"
| #define VERSION "6.4.7"
| /* end confdefs.h.  */
| #include <ac_nonexistent.h>
configure:8667: result: gcc -E
configure:8687: gcc -E  conftest.c
configure:8687: $? = 0
configure:8701: gcc -E  conftest.c
conftest.c:12:10: fatal error: ac_nonexistent.h: No such file or directory
 #include <ac_nonexistent.h>
          ^~~~~~~~~~~~~~~~~~
compilation terminated.
configure:8701: $? = 1
configure: failed program was:
| /* confdefs.h */
| #define PACKAGE_NAME "libpqxx"
| #define PACKAGE_TARNAME "libpqxx"
| #define PACKAGE_VERSION "6.4.7"
| #define PACKAGE_STRING "libpqxx 6.4.7"
| #define PACKAGE_BUGREPORT "Jeroen T. Vermeulen"
| #define PACKAGE_URL ""
| #define HAVE_CXX11 1
| #define PACKAGE "libpqxx"
| #define VERSION "6.4.7"
| /* end confdefs.h.  */
| #include <ac_nonexistent.h>
configure:8730: checking for ANSI C header files
configure:8750: gcc -c -g -O2  conftest.c >&5
configure:8750: $? = 0
configure:8823: gcc -o conftest -g -O2   conftest.c  >&5
configure:8823: $? = 0
configure:8823: ./conftest
configure:8823: $? = 0
configure:8834: result: yes
configure:8847: checking for sys/types.h
configure:8847: gcc -c -g -O2  conftest.c >&5
configure:8847: $? = 0
configure:8847: result: yes
configure:8847: checking for sys/stat.h
configure:8847: gcc -c -g -O2  conftest.c >&5
configure:8847: $? = 0
configure:8847: result: yes
configure:8847: checking for stdlib.h
configure:8847: gcc -c -g -O2  conftest.c >&5
configure:8847: $? = 0
configure:8847: result: yes
configure:8847: checking for string.h
configure:8847: gcc -c -g -O2  conftest.c >&5
configure:8847: $? = 0
configure:8847: result: yes
configure:8847: checking for memory.h
configure:8847: gcc -c -g -O2  conftest.c >&5
configure:8847: $? = 0
configure:8847: result: yes
configure:8847: checking for strings.h
configure:8847: gcc -c -g -O2  conftest.c >&5
configure:8847: $? = 0
configure:8847: result: yes
configure:8847: checking for inttypes.h
configure:8847: gcc -c -g -O2  conftest.c >&5
configure:8847: $? = 0
configure:8847: result: yes
configure:8847: checking for stdint.h
configure:8847: gcc -c -g -O2  conftest.c >&5
configure:8847: $? = 0
configure:8847: result: yes
configure:8847: checking for unistd.h
configure:8847: gcc -c -g -O2  conftest.c >&5
configure:8847: $? = 0
configure:8847: result: yes
configure:8861: checking for dlfcn.h
configure:8861: gcc -c -g -O2  conftest.c >&5
configure:8861: $? = 0
configure:8861: result: yes
configure:9097: checking for objdir
configure:9112: result: .libs
configure:9376: checking if gcc supports -fno-rtti -fno-exceptions
configure:9394: gcc -c -g -O2  -fno-rtti -fno-exceptions conftest.c >&5
cc1: warning: command line option '-fno-rtti' is valid for C++/ObjC++ but not for C
configure:9398: $? = 0
configure:9411: result: no
configure:9775: checking for gcc option to produce PIC
configure:9782: result: -fPIC -DPIC
configure:9790: checking if gcc PIC flag -fPIC -DPIC works
configure:9808: gcc -c -g -O2  -fPIC -DPIC -DPIC conftest.c >&5
configure:9812: $? = 0
configure:9825: result: yes
configure:9854: checking if gcc static flag -static works
configure:9882: result: yes
configure:9897: checking if gcc supports -c -o file.o
configure:9918: gcc -c -g -O2  -o out/conftest2.o conftest.c >&5
configure:9922: $? = 0
configure:9944: result: yes
configure:9952: checking if gcc supports -c -o file.o
configure:9999: result: yes
configure:10032: checking whether the gcc linker (/usr/bin/ld) supports shared libraries
configure:11295: result: yes
configure:11535: checking dynamic linker characteristics
configure:12365: result: no
configure:12487: checking how to hardcode library paths into programs
configure:12512: result: immediate
configure:13060: checking whether stripping libraries is possible
configure:13065: result: yes
configure:13100: checking if libtool supports shared libraries
configure:13102: result: no
configure:13105: checking whether to build shared libraries
configure:13130: result: no
configure:13133: checking whether to build static libraries
configure:13137: result: yes
configure:13160: checking how to run the C++ preprocessor
configure:13187: g++ -std=c++11 -E  conftest.cpp
configure:13187: $? = 0
configure:13201: g++ -std=c++11 -E  conftest.cpp
conftest.cpp:24:10: fatal error: ac_nonexistent.h: No such file or directory
 #include <ac_nonexistent.h>
          ^~~~~~~~~~~~~~~~~~
compilation terminated.
configure:13201: $? = 1
configure: failed program was:
| /* confdefs.h */
| #define PACKAGE_NAME "libpqxx"
| #define PACKAGE_TARNAME "libpqxx"
| #define PACKAGE_VERSION "6.4.7"
| #define PACKAGE_STRING "libpqxx 6.4.7"
| #define PACKAGE_BUGREPORT "Jeroen T. Vermeulen"
| #define PACKAGE_URL ""
| #define HAVE_CXX11 1
| #define PACKAGE "libpqxx"
| #define VERSION "6.4.7"
| #define STDC_HEADERS 1
| #define HAVE_SYS_TYPES_H 1
| #define HAVE_SYS_STAT_H 1
| #define HAVE_STDLIB_H 1
| #define HAVE_STRING_H 1
| #define HAVE_MEMORY_H 1
| #define HAVE_STRINGS_H 1
| #define HAVE_INTTYPES_H 1
| #define HAVE_STDINT_H 1
| #define HAVE_UNISTD_H 1
| #define HAVE_DLFCN_H 1
| #define LT_OBJDIR ".libs/"
| /* end confdefs.h.  */
| #include <ac_nonexistent.h>
configure:13226: result: g++ -std=c++11 -E
configure:13246: g++ -std=c++11 -E  conftest.cpp
configure:13246: $? = 0
configure:13260: g++ -std=c++11 -E  conftest.cpp
conftest.cpp:24:10: fatal error: ac_nonexistent.h: No such file or directory
 #include <ac_nonexistent.h>
          ^~~~~~~~~~~~~~~~~~
compilation terminated.
configure:13260: $? = 1
configure: failed program was:
| /* confdefs.h */
| #define PACKAGE_NAME "libpqxx"
| #define PACKAGE_TARNAME "libpqxx"
| #define PACKAGE_VERSION "6.4.7"
| #define PACKAGE_STRING "libpqxx 6.4.7"
| #define PACKAGE_BUGREPORT "Jeroen T. Vermeulen"
| #define PACKAGE_URL ""
| #define HAVE_CXX11 1
| #define PACKAGE "libpqxx"
| #define VERSION "6.4.7"
| #define STDC_HEADERS 1
| #define HAVE_SYS_TYPES_H 1
| #define HAVE_SYS_STAT_H 1
| #define HAVE_STDLIB_H 1
| #define HAVE_STRING_H 1
| #define HAVE_MEMORY_H 1
| #define HAVE_STRINGS_H 1
| #define HAVE_INTTYPES_H 1
| #define HAVE_STDINT_H 1
| #define HAVE_UNISTD_H 1
| #define HAVE_DLFCN_H 1
| #define LT_OBJDIR ".libs/"
| /* end confdefs.h.  */
| #include <ac_nonexistent.h>
configure:13422: checking for ld used by g++ -std=c++11
configure:13489: result: /usr/bin/ld
configure:13496: checking if the linker (/usr/bin/ld) is GNU ld
configure:13511: result: yes
configure:13566: checking whether the g++ -std=c++11 linker (/usr/bin/ld) supports shared libraries
configure:14639: result: no
configure:14675: g++ -std=c++11 -c -g -O2  conftest.cpp >&5
configure:14678: $? = 0
configure:15159: checking for g++ -std=c++11 option to produce PIC
configure:15166: result: -fPIC -DPIC
configure:15174: checking if g++ -std=c++11 PIC flag -fPIC -DPIC works
configure:15192: g++ -std=c++11 -c -g -O2  -fPIC -DPIC -DPIC conftest.cpp >&5
configure:15196: $? = 0
configure:15209: result: yes
configure:15232: checking if g++ -std=c++11 static flag -static works
configure:15260: result: yes
configure:15272: checking if g++ -std=c++11 supports -c -o file.o
configure:15293: g++ -std=c++11 -c -g -O2  -o out/conftest2.o conftest.cpp >&5
configure:15297: $? = 0
configure:15319: result: yes
configure:15324: checking if g++ -std=c++11 supports -c -o file.o
configure:15371: result: yes
configure:15401: checking whether the g++ -std=c++11 linker (/usr/bin/ld) supports shared libraries
configure:15444: result: no
configure:15585: checking dynamic linker characteristics
configure:16342: result: no
configure:16407: checking how to hardcode library paths into programs
configure:16432: result: immediate
configure:16493: checking whether make sets $(MAKE)
configure:16515: result: yes
configure:16526: checking for mkdir
configure:16544: found /bin/mkdir
configure:16556: result: /bin/mkdir
configure:16577: checking for arm-doxygen
configure:16610: result: no
configure:16620: checking for doxygen
configure:16653: result: no
configure:16676: checking for arm-dot
configure:16706: result: no
configure:16716: checking for dot
configure:16746: result: no
configure:16769: checking for arm-xmlto
configure:16802: result: no
configure:16812: checking for xmlto
configure:16845: result: no
configure:16885: checking whether to enable maintainer-specific portions of Makefiles
configure:16894: result: no
configure:16909: checking maintainer mode
configure:16916: result: 
configure:16920: checking audit
configure:16927: result: 
configure:17047: checking g++ visibility attribute
configure:17070: g++ -std=c++11 -c -g -O2 -Werror  conftest.cpp >&5
configure:17070: $? = 0
configure:17078: result: yes
configure:17090: checking whether the compiler supports function __attribute__((__const__))
configure:17108: g++ -std=c++11 -c -g -O2 -fvisibility=hidden -fvisibility-inlines-hidden  conftest.cpp >&5
configure:17108: $? = 0
configure:17115: result: yes
configure:17132: checking g++ deprecation attribute
configure:17147: g++ -std=c++11 -c -g -O2 -fvisibility=hidden -fvisibility-inlines-hidden  conftest.cpp >&5
configure:17147: $? = 0
configure:17155: result: yes
configure:17159: checking g++ pure attribute
configure:17173: g++ -std=c++11 -c -g -O2 -fvisibility=hidden -fvisibility-inlines-hidden  conftest.cpp >&5
configure:17173: $? = 0
configure:17181: result: yes
configure:17187: checking C++14 deprecation attribute
configure:17201: g++ -std=c++11 -c -g -O2 -fvisibility=hidden -fvisibility-inlines-hidden  conftest.cpp >&5
configure:17201: $? = 0
configure:17209: result: yes
configure:17213: checking for C++17 std::optional support
configure:17228: g++ -std=c++11 -c -g -O2 -fvisibility=hidden -fvisibility-inlines-hidden  conftest.cpp >&5
conftest.cpp: In function 'int main()':
conftest.cpp:34:13: error: 'optional' is not a member of 'std'
 return std::optional<int>(0).value()
             ^~~~~~~~
conftest.cpp:34:22: error: expected primary-expression before 'int'
 return std::optional<int>(0).value()
                      ^~~
conftest.cpp:34:22: error: expected ';' before 'int'
conftest.cpp:34:25: error: expected unqualified-id before '>' token
 return std::optional<int>(0).value()
                         ^
configure:17228: $? = 1
configure: failed program was:
| /* confdefs.h */
| #define PACKAGE_NAME "libpqxx"
| #define PACKAGE_TARNAME "libpqxx"
| #define PACKAGE_VERSION "6.4.7"
| #define PACKAGE_STRING "libpqxx 6.4.7"
| #define PACKAGE_BUGREPORT "Jeroen T. Vermeulen"
| #define PACKAGE_URL ""
| #define HAVE_CXX11 1
| #define PACKAGE "libpqxx"
| #define VERSION "6.4.7"
| #define STDC_HEADERS 1
| #define HAVE_SYS_TYPES_H 1
| #define HAVE_SYS_STAT_H 1
| #define HAVE_STDLIB_H 1
| #define HAVE_STRING_H 1
| #define HAVE_MEMORY_H 1
| #define HAVE_STRINGS_H 1
| #define HAVE_INTTYPES_H 1
| #define HAVE_STDINT_H 1
| #define HAVE_UNISTD_H 1
| #define HAVE_DLFCN_H 1
| #define LT_OBJDIR ".libs/"
| #define PQXX_HAVE_GCC_VISIBILITY 1
| #define GCC_CONST_CALL __attribute__((__const__))
| #define PQXX_HAVE_GCC_CONST 1
| #define PQXX_HAVE_GCC_DEPRECATED 1
| #define PQXX_HAVE_GCC_PURE 1
| #define PQXX_HAVE_DEPRECATED 1
| /* end confdefs.h.  */
| #include <optional>
| int
| main ()
| {
| return std::optional<int>(0).value()
| 
|   ;
|   return 0;
| }
configure:17236: result: no
configure:17241: checking for experimental C++17 std::optional support
configure:17256: g++ -std=c++11 -c -g -O2 -fvisibility=hidden -fvisibility-inlines-hidden  conftest.cpp >&5
conftest.cpp: In function 'int main()':
conftest.cpp:34:13: error: 'std::experimental' has not been declared
 return std::experimental::optional<int>(0).value()
             ^~~~~~~~~~~~
conftest.cpp:34:36: error: expected primary-expression before 'int'
 return std::experimental::optional<int>(0).value()
                                    ^~~
conftest.cpp:34:36: error: expected ';' before 'int'
conftest.cpp:34:39: error: expected unqualified-id before '>' token
 return std::experimental::optional<int>(0).value()
                                       ^
configure:17256: $? = 1
configure: failed program was:
| /* confdefs.h */
| #define PACKAGE_NAME "libpqxx"
| #define PACKAGE_TARNAME "libpqxx"
| #define PACKAGE_VERSION "6.4.7"
| #define PACKAGE_STRING "libpqxx 6.4.7"
| #define PACKAGE_BUGREPORT "Jeroen T. Vermeulen"
| #define PACKAGE_URL ""
| #define HAVE_CXX11 1
| #define PACKAGE "libpqxx"
| #define VERSION "6.4.7"
| #define STDC_HEADERS 1
| #define HAVE_SYS_TYPES_H 1
| #define HAVE_SYS_STAT_H 1
| #define HAVE_STDLIB_H 1
| #define HAVE_STRING_H 1
| #define HAVE_MEMORY_H 1
| #define HAVE_STRINGS_H 1
| #define HAVE_INTTYPES_H 1
| #define HAVE_STDINT_H 1
| #define HAVE_UNISTD_H 1
| #define HAVE_DLFCN_H 1
| #define LT_OBJDIR ".libs/"
| #define PQXX_HAVE_GCC_VISIBILITY 1
| #define GCC_CONST_CALL __attribute__((__const__))
| #define PQXX_HAVE_GCC_CONST 1
| #define PQXX_HAVE_GCC_DEPRECATED 1
| #define PQXX_HAVE_GCC_PURE 1
| #define PQXX_HAVE_DEPRECATED 1
| /* end confdefs.h.  */
| #include <experimental/optional>
| int
| main ()
| {
| return std::experimental::optional<int>(0).value()
| 
|   ;
|   return 0;
| }
configure:17264: result: no
configure:17276: checking for C++17 charconv integer conversion
configure:17300: g++ -std=c++11 -o conftest -g -O2 -fvisibility=hidden -fvisibility-inlines-hidden   conftest.cpp  >&5
conftest.cpp:30:10: fatal error: charconv: No such file or directory
 #include <charconv>
          ^~~~~~~~~~
compilation terminated.
configure:17300: $? = 1
configure: failed program was:
| /* confdefs.h */
| #define PACKAGE_NAME "libpqxx"
| #define PACKAGE_TARNAME "libpqxx"
| #define PACKAGE_VERSION "6.4.7"
| #define PACKAGE_STRING "libpqxx 6.4.7"
| #define PACKAGE_BUGREPORT "Jeroen T. Vermeulen"
| #define PACKAGE_URL ""
| #define HAVE_CXX11 1
| #define PACKAGE "libpqxx"
| #define VERSION "6.4.7"
| #define STDC_HEADERS 1
| #define HAVE_SYS_TYPES_H 1
| #define HAVE_SYS_STAT_H 1
| #define HAVE_STDLIB_H 1
| #define HAVE_STRING_H 1
| #define HAVE_MEMORY_H 1
| #define HAVE_STRINGS_H 1
| #define HAVE_INTTYPES_H 1
| #define HAVE_STDINT_H 1
| #define HAVE_UNISTD_H 1
| #define HAVE_DLFCN_H 1
| #define LT_OBJDIR ".libs/"
| #define PQXX_HAVE_GCC_VISIBILITY 1
| #define GCC_CONST_CALL __attribute__((__const__))
| #define PQXX_HAVE_GCC_CONST 1
| #define PQXX_HAVE_GCC_DEPRECATED 1
| #define PQXX_HAVE_GCC_PURE 1
| #define PQXX_HAVE_DEPRECATED 1
| /* end confdefs.h.  */
| #include <charconv>
| int
| main ()
| {
| 
| 			char z[100];
| 			using ull = unsigned long long;
| 			auto rt = std::to_chars(z, z + sizeof(z), ull{0});
| 			if (rt.ec != std::errc{}) return 1;
| 			ull n;
| 			auto rf = std::from_chars(z, z + sizeof(z), n);
| 			if (rf.ec != std::errc{}) return 2;
| 			return int(n)
| 
| 
|   ;
|   return 0;
| }
configure:17309: result: no
configure:17312: checking for C++17 charconv floating-point conversion
configure:17338: g++ -std=c++11 -o conftest -g -O2 -fvisibility=hidden -fvisibility-inlines-hidden   conftest.cpp  >&5
conftest.cpp:30:10: fatal error: charconv: No such file or directory
 #include <charconv>
          ^~~~~~~~~~
compilation terminated.
configure:17338: $? = 1
configure: failed program was:
| /* confdefs.h */
| #define PACKAGE_NAME "libpqxx"
| #define PACKAGE_TARNAME "libpqxx"
| #define PACKAGE_VERSION "6.4.7"
| #define PACKAGE_STRING "libpqxx 6.4.7"
| #define PACKAGE_BUGREPORT "Jeroen T. Vermeulen"
| #define PACKAGE_URL ""
| #define HAVE_CXX11 1
| #define PACKAGE "libpqxx"
| #define VERSION "6.4.7"
| #define STDC_HEADERS 1
| #define HAVE_SYS_TYPES_H 1
| #define HAVE_SYS_STAT_H 1
| #define HAVE_STDLIB_H 1
| #define HAVE_STRING_H 1
| #define HAVE_MEMORY_H 1
| #define HAVE_STRINGS_H 1
| #define HAVE_INTTYPES_H 1
| #define HAVE_STDINT_H 1
| #define HAVE_UNISTD_H 1
| #define HAVE_DLFCN_H 1
| #define LT_OBJDIR ".libs/"
| #define PQXX_HAVE_GCC_VISIBILITY 1
| #define GCC_CONST_CALL __attribute__((__const__))
| #define PQXX_HAVE_GCC_CONST 1
| #define PQXX_HAVE_GCC_DEPRECATED 1
| #define PQXX_HAVE_GCC_PURE 1
| #define PQXX_HAVE_DEPRECATED 1
| /* end confdefs.h.  */
| #include <charconv>
| int
| main ()
| {
| 
| 			char z[100];
| 			using ld = long double;
| 			auto rt = std::to_chars(
| 				z, z + sizeof(z), ld{0.1},
| 				std::chars_format::generic);
| 			if (rt.ec != std::errc{}) return 1;
| 			ld n;
| 			auto rf = std::from_chars(z, z + sizeof(z), n);
| 			if (rf.ec != std::errc{}) return 2;
| 			return int(n)
| 
| 
|   ;
|   return 0;
| }
configure:17347: result: no
configure:17350: checking for poll(2)
configure:17366: g++ -std=c++11 -o conftest -g -O2 -fvisibility=hidden -fvisibility-inlines-hidden   conftest.cpp  >&5
configure:17366: $? = 0
configure:17376: result: yes
configure:17569: checking sys/time.h usability
configure:17569: g++ -std=c++11 -c -g -O2 -fvisibility=hidden -fvisibility-inlines-hidden  conftest.cpp >&5
configure:17569: $? = 0
configure:17569: result: yes
configure:17569: checking sys/time.h presence
configure:17569: g++ -std=c++11 -E  conftest.cpp
configure:17569: $? = 0
configure:17569: result: yes
configure:17569: checking for sys/time.h
configure:17569: result: yes
configure:17586: checking for pg_config
configure:17604: found /usr/bin/pg_config
configure:17616: result: /usr/bin/pg_config
configure:17629: checking for pkg-config
configure:17647: found /usr/bin/pkg-config
configure:17659: result: /usr/bin/pkg-config
configure:17681: using PostgreSQL headers at /usr/include/postgresql
configure:17717: using PostgreSQL libraries at /usr/lib/aarch64-linux-gnu
configure:17737: checking /usr/include/postgresql/libpq-fe.h usability
configure:17737: g++ -std=c++11 -c -g -O2 -fvisibility=hidden -fvisibility-inlines-hidden  conftest.cpp >&5
configure:17737: $? = 0
configure:17737: result: yes
configure:17737: checking /usr/include/postgresql/libpq-fe.h presence
configure:17737: g++ -std=c++11 -E  conftest.cpp
configure:17737: $? = 0
configure:17737: result: yes
configure:17737: checking for /usr/include/postgresql/libpq-fe.h
configure:17737: result: yes
configure:17757: checking for ability to compile source files using libpq
configure:17771: g++ -std=c++11 -c -g -O2 -fvisibility=hidden -fvisibility-inlines-hidden  conftest.cpp >&5
configure:17771: $? = 0
configure:17785: result: yes
configure:17796: checking for PQexec in -lpq
configure:17821: g++ -std=c++11 -o conftest -g -O2 -fvisibility=hidden -fvisibility-inlines-hidden   -L/usr/lib/aarch64-linux-gnu conftest.cpp -lpq -L/usr/lib/aarch64-linux-gnu  >&5
configure:17821: $? = 0
configure:17830: result: yes
configure:17862: checking that type of libpq's Oid is as expected
configure:17879: g++ -std=c++11 -c -g -O2 -fvisibility=hidden -fvisibility-inlines-hidden  conftest.cpp >&5
configure:17879: $? = 0
configure:17888: result: yes
configure:17892: checking whether make sets $(MAKE)
configure:17914: result: yes
configure:18040: checking that generated files are newer than configure
configure:18046: result: done
configure:18085: creating ./config.status

## ---------------------- ##
## Running config.status. ##
## ---------------------- ##

This file was extended by libpqxx config.status 6.4.7, which was
generated by GNU Autoconf 2.69.  Invocation command line was

  CONFIG_FILES    = 
  CONFIG_HEADERS  = 
  CONFIG_LINKS    = 
  CONFIG_COMMANDS = 
  $ ./config.status 

on tv2i-desktop

config.status:1186: creating Makefile
config.status:1186: creating config/Makefile
config.status:1186: creating doc/Makefile
config.status:1186: creating doc/Doxyfile
config.status:1186: creating src/Makefile
config.status:1186: creating test/Makefile
config.status:1186: creating test/unit/Makefile
config.status:1186: creating tools/Makefile
config.status:1186: creating win32/Makefile
config.status:1186: creating include/Makefile
config.status:1186: creating include/pqxx/Makefile
config.status:1186: creating libpqxx.pc
config.status:1186: creating include/pqxx/config.h
config.status:1415: executing depfiles commands
config.status:1492: cd src       && sed -e '/# am--include-marker/d' Makefile         | make -f - am--depfiles
config.status:1497: $? = 0
config.status:1492: cd test       && sed -e '/# am--include-marker/d' Makefile         | make -f - am--depfiles
config.status:1497: $? = 0
config.status:1492: cd test/unit       && sed -e '/# am--include-marker/d' Makefile         | make -f - am--depfiles
config.status:1497: $? = 0
config.status:1492: cd tools       && sed -e '/# am--include-marker/d' Makefile         | make -f - am--depfiles
config.status:1497: $? = 0
config.status:1415: executing libtool commands
config.status:1415: executing configitems commands

## ---------------- ##
## Cache variables. ##
## ---------------- ##

ac_cv_build=arm-unknown-none
ac_cv_c_compiler_gnu=yes
ac_cv_cxx_compiler_gnu=yes
ac_cv_env_CCC_set=
ac_cv_env_CCC_value=
ac_cv_env_CC_set=
ac_cv_env_CC_value=
ac_cv_env_CFLAGS_set=
ac_cv_env_CFLAGS_value=
ac_cv_env_CPPFLAGS_set=
ac_cv_env_CPPFLAGS_value=
ac_cv_env_CPP_set=
ac_cv_env_CPP_value=
ac_cv_env_CXXCPP_set=
ac_cv_env_CXXCPP_value=
ac_cv_env_CXXFLAGS_set=
ac_cv_env_CXXFLAGS_value=
ac_cv_env_CXX_set=
ac_cv_env_CXX_value=
ac_cv_env_DOXYGEN_set=
ac_cv_env_DOXYGEN_value=
ac_cv_env_HAVE_DOT_set=
ac_cv_env_HAVE_DOT_value=
ac_cv_env_LDFLAGS_set=
ac_cv_env_LDFLAGS_value=
ac_cv_env_LIBS_set=
ac_cv_env_LIBS_value=
ac_cv_env_LT_SYS_LIBRARY_PATH_set=
ac_cv_env_LT_SYS_LIBRARY_PATH_value=
ac_cv_env_XMLTO_set=
ac_cv_env_XMLTO_value=
ac_cv_env_build_alias_set=set
ac_cv_env_build_alias_value=arm
ac_cv_env_host_alias_set=set
ac_cv_env_host_alias_value=arm
ac_cv_env_target_alias_set=
ac_cv_env_target_alias_value=
ac_cv_header__usr_include_postgresql_libpq_fe_h=yes
ac_cv_header_dlfcn_h=yes
ac_cv_header_inttypes_h=yes
ac_cv_header_memory_h=yes
ac_cv_header_stdc=yes
ac_cv_header_stdint_h=yes
ac_cv_header_stdlib_h=yes
ac_cv_header_string_h=yes
ac_cv_header_strings_h=yes
ac_cv_header_sys_stat_h=yes
ac_cv_header_sys_time_h=yes
ac_cv_header_sys_types_h=yes
ac_cv_header_unistd_h=yes
ac_cv_host=arm-unknown-none
ac_cv_lib_pq_PQexec=yes
ac_cv_objext=o
ac_cv_path_EGREP='/bin/grep -E'
ac_cv_path_FGREP='/bin/grep -F'
ac_cv_path_GREP=/bin/grep
ac_cv_path_MKDIR=/bin/mkdir
ac_cv_path_PG_CONFIG=/usr/bin/pg_config
ac_cv_path_PKG_CONFIG=/usr/bin/pkg-config
ac_cv_path_SED=/bin/sed
ac_cv_path_install='/usr/bin/install -c'
ac_cv_path_lt_DD=/bin/dd
ac_cv_path_mkdir=/bin/mkdir
ac_cv_prog_AWK=mawk
ac_cv_prog_CPP='gcc -E'
ac_cv_prog_CXXCPP='g++ -std=c++11 -E'
ac_cv_prog_ac_ct_AR=ar
ac_cv_prog_ac_ct_CC=gcc
ac_cv_prog_ac_ct_CXX=g++
ac_cv_prog_ac_ct_MANIFEST_TOOL=mt
ac_cv_prog_ac_ct_OBJDUMP=objdump
ac_cv_prog_ac_ct_RANLIB=ranlib
ac_cv_prog_ac_ct_STRIP=strip
ac_cv_prog_cc_c89=
ac_cv_prog_cc_g=yes
ac_cv_prog_cxx_g=yes
ac_cv_prog_make_make_set=yes
am_cv_CC_dependencies_compiler_type=gcc3
am_cv_CXX_dependencies_compiler_type=gcc3
am_cv_make_support_nested_variables=yes
am_cv_prog_cc_c_o=yes
ax_cv_cxx_compile_cxx11__std_cpp11=yes
ax_cv_gcc_const_call=yes
ax_cv_have_poll=yes
lt_cv_ar_at_file=@
lt_cv_deplibs_check_method=unknown
lt_cv_file_magic_cmd='$MAGIC_CMD'
lt_cv_file_magic_test_file=
lt_cv_ld_reload_flag=-r
lt_cv_nm_interface='BSD nm'
lt_cv_objdir=.libs
lt_cv_path_LD=/usr/bin/ld
lt_cv_path_LDCXX=/usr/bin/ld
lt_cv_path_NM='/usr/bin/nm -B'
lt_cv_path_mainfest_tool=no
lt_cv_prog_compiler_c_o=yes
lt_cv_prog_compiler_c_o_CXX=yes
lt_cv_prog_compiler_pic='-fPIC -DPIC'
lt_cv_prog_compiler_pic_CXX='-fPIC -DPIC'
lt_cv_prog_compiler_pic_works=yes
lt_cv_prog_compiler_pic_works_CXX=yes
lt_cv_prog_compiler_rtti_exceptions=no
lt_cv_prog_compiler_static_works=yes
lt_cv_prog_compiler_static_works_CXX=yes
lt_cv_prog_gnu_ld=yes
lt_cv_prog_gnu_ldcxx=yes
lt_cv_sharedlib_from_linklib_cmd='printf %s\n'
lt_cv_sys_global_symbol_pipe='sed -n -e '\''s/^.*[	 ]\([ABCDGIRSTW][ABCDGIRSTW]*\)[	 ][	 ]*\([_A-Za-z][_A-Za-z0-9]*\)$/\1 \2 \2/p'\'' | sed '\''/ __gnu_lto/d'\'''
lt_cv_sys_global_symbol_to_c_name_address='sed -n -e '\''s/^: \(.*\) .*$/  {"\1", (void *) 0},/p'\'' -e '\''s/^[ABCDGIRSTW][ABCDGIRSTW]* .* \(.*\)$/  {"\1", (void *) \&\1},/p'\'''
lt_cv_sys_global_symbol_to_c_name_address_lib_prefix='sed -n -e '\''s/^: \(.*\) .*$/  {"\1", (void *) 0},/p'\'' -e '\''s/^[ABCDGIRSTW][ABCDGIRSTW]* .* \(lib.*\)$/  {"\1", (void *) \&\1},/p'\'' -e '\''s/^[ABCDGIRSTW][ABCDGIRSTW]* .* \(.*\)$/  {"lib\1", (void *) \&\1},/p'\'''
lt_cv_sys_global_symbol_to_cdecl='sed -n -e '\''s/^T .* \(.*\)$/extern int \1();/p'\'' -e '\''s/^[ABCDGIRSTW][ABCDGIRSTW]* .* \(.*\)$/extern char \1;/p'\'''
lt_cv_sys_global_symbol_to_import=
lt_cv_sys_max_cmd_len=1572864
lt_cv_to_host_file_cmd=func_convert_file_noop
lt_cv_to_tool_file_cmd=func_convert_file_noop
lt_cv_truncate_bin='/bin/dd bs=4096 count=1'

## ----------------- ##
## Output variables. ##
## ----------------- ##

ACLOCAL='${SHELL} /home/tv2i/Downloads/libpqxx-6.4.7/config/missing aclocal-1.16'
AMDEPBACKSLASH='\'
AMDEP_FALSE='#'
AMDEP_TRUE=''
AMTAR='$${TAR-tar}'
AM_BACKSLASH='\'
AM_DEFAULT_V='$(AM_DEFAULT_VERBOSITY)'
AM_DEFAULT_VERBOSITY='1'
AM_V='$(V)'
AR='ar'
AUTOCONF='${SHELL} /home/tv2i/Downloads/libpqxx-6.4.7/config/missing autoconf'
AUTOHEADER='${SHELL} /home/tv2i/Downloads/libpqxx-6.4.7/config/missing autoheader'
AUTOMAKE='${SHELL} /home/tv2i/Downloads/libpqxx-6.4.7/config/missing automake-1.16'
AWK='mawk'
BUILD_REFERENCE_FALSE=''
BUILD_REFERENCE_TRUE='#'
BUILD_TUTORIAL_FALSE='#'
BUILD_TUTORIAL_TRUE=''
CC='gcc'
CCDEPMODE='depmode=gcc3'
CFLAGS='-g -O2'
CPP='gcc -E'
CPPFLAGS=''
CXX='g++ -std=c++11'
CXXCPP='g++ -std=c++11 -E'
CXXDEPMODE='depmode=gcc3'
CXXFLAGS='-g -O2 -fvisibility=hidden -fvisibility-inlines-hidden'
CYGPATH_W='echo'
DEFS='-DHAVE_CONFIG_H'
DEPDIR='.deps'
DLLTOOL='false'
DOXYGEN='nodoxygen'
DSYMUTIL=''
DUMPBIN=''
ECHO_C=''
ECHO_N='-n'
ECHO_T=''
EGREP='/bin/grep -E'
EXEEXT=''
FGREP='/bin/grep -F'
GREP='/bin/grep'
HAVE_CXX11='1'
HAVE_DOT='YES'
INSTALL_DATA='${INSTALL} -m 644'
INSTALL_PROGRAM='${INSTALL}'
INSTALL_SCRIPT='${INSTALL}'
INSTALL_STRIP_PROGRAM='$(install_sh) -c -s'
LD='/usr/bin/ld'
LDFLAGS=' -L/usr/lib/aarch64-linux-gnu'
LIBOBJS=''
LIBS='-lpq '
LIBTOOL='$(SHELL) $(top_builddir)/libtool'
LIPO=''
LN_S='ln -s'
LTLIBOBJS=''
LT_SYS_LIBRARY_PATH=''
MAINT='#'
MAINTAINER_MODE_FALSE=''
MAINTAINER_MODE_TRUE='#'
MAKEINFO='${SHELL} /home/tv2i/Downloads/libpqxx-6.4.7/config/missing makeinfo'
MANIFEST_TOOL=':'
MKDIR='/bin/mkdir'
MKDIR_P='/bin/mkdir -p'
NM='/usr/bin/nm -B'
NMEDIT=''
OBJDUMP='objdump'
OBJEXT='o'
OTOOL64=''
OTOOL=''
PACKAGE='libpqxx'
PACKAGE_BUGREPORT='Jeroen T. Vermeulen'
PACKAGE_NAME='libpqxx'
PACKAGE_STRING='libpqxx 6.4.7'
PACKAGE_TARNAME='libpqxx'
PACKAGE_URL=''
PACKAGE_VERSION='6.4.7'
PATH_SEPARATOR=':'
PG_CONFIG='/usr/bin/pg_config'
PKG_CONFIG='/usr/bin/pkg-config'
POSTGRES_INCLUDE='-I/usr/include/postgresql'
POSTGRES_LIB=''
PQXXVERSION=''
PQXX_ABI='6.4'
RANLIB='ranlib'
SED='/bin/sed'
SET_MAKE=''
SHELL='/bin/bash'
STRIP='strip'
VERSION='6.4.7'
XMLTO='noxmlto'
ac_ct_AR='ar'
ac_ct_CC='gcc'
ac_ct_CXX='g++'
ac_ct_DUMPBIN=''
am__EXEEXT_FALSE=''
am__EXEEXT_TRUE='#'
am__fastdepCC_FALSE='#'
am__fastdepCC_TRUE=''
am__fastdepCXX_FALSE='#'
am__fastdepCXX_TRUE=''
am__include='include'
am__isrc=''
am__leading_dot='.'
am__nodep='_no'
am__quote=''
am__tar='$${TAR-tar} chof - "$$tardir"'
am__untar='$${TAR-tar} xf -'
bindir='${exec_prefix}/bin'
build='arm-unknown-none'
build_alias='arm'
build_cpu='arm'
build_os='none'
build_vendor='unknown'
datadir='${datarootdir}'
datarootdir='${prefix}/share'
docdir='${datarootdir}/doc/${PACKAGE_TARNAME}'
dvidir='${docdir}'
exec_prefix='${prefix}'
host='arm-unknown-none'
host_alias='arm'
host_cpu='arm'
host_os='none'
host_vendor='unknown'
htmldir='${docdir}'
includedir='${prefix}/include'
infodir='${datarootdir}/info'
install_sh='${SHELL} /home/tv2i/Downloads/libpqxx-6.4.7/config/install-sh'
libdir='${exec_prefix}/lib'
libexecdir='${exec_prefix}/libexec'
localedir='${datarootdir}/locale'
localstatedir='${prefix}/var'
mandir='${datarootdir}/man'
mkdir_p='$(MKDIR_P)'
oldincludedir='/usr/include'
pdfdir='${docdir}'
prefix='/usr/local'
program_transform_name='s,x,x,'
psdir='${docdir}'
runstatedir='${localstatedir}/run'
sbindir='${exec_prefix}/sbin'
sharedstatedir='${prefix}/com'
sysconfdir='${prefix}/etc'
target_alias=''
with_postgres_include='/usr/include/postgresql'
with_postgres_lib='/usr/lib/aarch64-linux-gnu'

## ----------- ##
## confdefs.h. ##
## ----------- ##

/* confdefs.h */
#define PACKAGE_NAME "libpqxx"
#define PACKAGE_TARNAME "libpqxx"
#define PACKAGE_VERSION "6.4.7"
#define PACKAGE_STRING "libpqxx 6.4.7"
#define PACKAGE_BUGREPORT "Jeroen T. Vermeulen"
#define PACKAGE_URL ""
#define HAVE_CXX11 1
#define PACKAGE "libpqxx"
#define VERSION "6.4.7"
#define STDC_HEADERS 1
#define HAVE_SYS_TYPES_H 1
#define HAVE_SYS_STAT_H 1
#define HAVE_STDLIB_H 1
#define HAVE_STRING_H 1
#define HAVE_MEMORY_H 1
#define HAVE_STRINGS_H 1
#define HAVE_INTTYPES_H 1
#define HAVE_STDINT_H 1
#define HAVE_UNISTD_H 1
#define HAVE_DLFCN_H 1
#define LT_OBJDIR ".libs/"
#define PQXX_HAVE_GCC_VISIBILITY 1
#define GCC_CONST_CALL __attribute__((__const__))
#define PQXX_HAVE_GCC_CONST 1
#define PQXX_HAVE_GCC_DEPRECATED 1
#define PQXX_HAVE_GCC_PURE 1
#define PQXX_HAVE_DEPRECATED 1
#define HAVE_POLL 1
#define HAVE_SYS_TIME_H 1
#define HAVE_LIBPQ 1

configure: exit 0
